[debug] [2024-10-19T10:56:17.856Z] ----------------------------------------------------------------------
[debug] [2024-10-19T10:56:17.867Z] Command:       C:\Program Files\nodejs\node.exe C:\Users\MY DELL\AppData\Roaming\npm\node_modules\firebase-tools\lib\bin\firebase.js init
[debug] [2024-10-19T10:56:17.867Z] CLI Version:   13.22.1
[debug] [2024-10-19T10:56:17.867Z] Platform:      win32
[debug] [2024-10-19T10:56:17.867Z] Node Version:  v20.17.0
[debug] [2024-10-19T10:56:17.868Z] Time:          Sat Oct 19 2024 16:26:17 GMT+0530 (India Standard Time)
[debug] [2024-10-19T10:56:17.868Z] ----------------------------------------------------------------------
[debug] 
[debug] [2024-10-19T10:56:17.976Z] > command requires scopes: ["email","openid","https://www.googleapis.com/auth/cloudplatformprojects.readonly","https://www.googleapis.com/auth/firebase","https://www.googleapis.com/auth/cloud-platform"]
[debug] [2024-10-19T10:56:17.977Z] > authorizing via signed-in user (santoshachary349@gmail.com)
[info] 
     ######## #### ########  ######## ########     ###     ######  ########
     ##        ##  ##     ## ##       ##     ##  ##   ##  ##       ##
     ######    ##  ########  ######   ########  #########  ######  ######
     ##        ##  ##    ##  ##       ##     ## ##     ##       ## ##
     ##       #### ##     ## ######## ########  ##     ##  ######  ########

You're about to initialize a Firebase project in this directory:

  D:\expense-tracker

Before we get started, keep in mind:

  * You are initializing within an existing Firebase project directory

[info] 
=== Project Setup
[info] 
[info] First, let's associate this project directory with a Firebase project.
[info] You can create multiple project aliases by running firebase use --add, 
[info] but for now we'll just set up a default project.
[info] 
[debug] [2024-10-19T10:56:26.656Z] Using project from CLI flag: expense-tracker-fe2a9
[debug] [2024-10-19T10:56:26.658Z] Checked if tokens are valid: true, expires at: 1729338823324
[debug] [2024-10-19T10:56:26.659Z] Checked if tokens are valid: true, expires at: 1729338823324
[debug] [2024-10-19T10:56:26.660Z] >>> [apiv2][query] GET https://firebase.googleapis.com/v1beta1/projects/expense-tracker-fe2a9 [none]
[debug] [2024-10-19T10:56:27.501Z] <<< [apiv2][status] GET https://firebase.googleapis.com/v1beta1/projects/expense-tracker-fe2a9 200
[debug] [2024-10-19T10:56:27.501Z] <<< [apiv2][body] GET https://firebase.googleapis.com/v1beta1/projects/expense-tracker-fe2a9 {"projectId":"expense-tracker-fe2a9","projectNumber":"350750220658","displayName":"expense-tracker","name":"projects/expense-tracker-fe2a9","resources":{"hostingSite":"expense-tracker-fe2a9"},"state":"ACTIVE","etag":"1_0f1bdc38-5d4a-4be4-99d7-c804e9ff1bd0"}
[info] i  Using project expense-tracker-fe2a9 (expense-tracker) 
[info] 
=== Hosting Setup
[debug] [2024-10-19T10:56:27.510Z] Checked if tokens are valid: true, expires at: 1729338823324
[debug] [2024-10-19T10:56:27.510Z] Checked if tokens are valid: true, expires at: 1729338823324
[debug] [2024-10-19T10:56:27.511Z] >>> [apiv2][query] GET https://firebase.googleapis.com/v1beta1/projects/expense-tracker-fe2a9 [none]
[debug] [2024-10-19T10:56:28.118Z] <<< [apiv2][status] GET https://firebase.googleapis.com/v1beta1/projects/expense-tracker-fe2a9 200
[debug] [2024-10-19T10:56:28.118Z] <<< [apiv2][body] GET https://firebase.googleapis.com/v1beta1/projects/expense-tracker-fe2a9 {"projectId":"expense-tracker-fe2a9","projectNumber":"350750220658","displayName":"expense-tracker","name":"projects/expense-tracker-fe2a9","resources":{"hostingSite":"expense-tracker-fe2a9"},"state":"ACTIVE","etag":"1_0f1bdc38-5d4a-4be4-99d7-c804e9ff1bd0"}
[info] 
[info] Your public directory is the folder (relative to your project directory) that
[info] will contain Hosting assets to be uploaded with firebase deploy. If you
[info] have a build process for your assets, use your build's output directory.
[info] 
[info] i  public/404.html is unchanged 
[debug] [2024-10-19T10:57:02.168Z] >>> [apiv2][query] GET https://www.gstatic.com/firebasejs/releases.json [none]
[debug] [2024-10-19T10:57:02.381Z] <<< [apiv2][status] GET https://www.gstatic.com/firebasejs/releases.json 200
[debug] [2024-10-19T10:57:02.382Z] <<< [apiv2][body] GET https://www.gstatic.com/firebasejs/releases.json {"current":{"version":"10.14.1","browserURL":"https://www.gstatic.com/firebasejs/10.14.1/firebase.js","packageURL":"https://www.gstatic.com/firebasejs/10.14.1/firebase.tgz"},"live":{"version":"10.14","browserURL":"https://www.gstatic.com/firebasejs/live/10.14/firebase.js","packageURL":"https://www.gstatic.com/firebasejs/live/10.14/firebase.tgz"},"components":{"analytics":"https://www.gstatic.com/firebasejs/10.14.1/firebase-analytics.js","app":"https://www.gstatic.com/firebasejs/10.14.1/firebase-app.js","app-check":"https://www.gstatic.com/firebasejs/10.14.1/firebase-app-check.js","auth":"https://www.gstatic.com/firebasejs/10.14.1/firebase-auth.js","auth/cordova":"https://www.gstatic.com/firebasejs/10.14.1/firebase-auth/cordova.js","auth/web-extension":"https://www.gstatic.com/firebasejs/10.14.1/firebase-auth/web-extension.js","functions":"https://www.gstatic.com/firebasejs/10.14.1/firebase-functions.js","firestore":"https://www.gstatic.com/firebasejs/10.14.1/firebase-firestore.js","firestore/lite":"https://www.gstatic.com/firebasejs/10.14.1/firebase-firestore/lite.js","installations":"https://www.gstatic.com/firebasejs/10.14.1/firebase-installations.js","storage":"https://www.gstatic.com/firebasejs/10.14.1/firebase-storage.js","performance":"https://www.gstatic.com/firebasejs/10.14.1/firebase-performance.js","remote-config":"https://www.gstatic.com/firebasejs/10.14.1/firebase-remote-config.js","messaging":"https://www.gstatic.com/firebasejs/10.14.1/firebase-messaging.js","messaging/sw":"https://www.gstatic.com/firebasejs/10.14.1/firebase-messaging/sw.js","database":"https://www.gstatic.com/firebasejs/10.14.1/firebase-database.js","data-connect":"https://www.gstatic.com/firebasejs/10.14.1/firebase-data-connect.js","vertexai-preview":"https://www.gstatic.com/firebasejs/10.14.1/firebase-vertexai-preview.js","firestore.memory":"https://www.gstatic.com/firebasejs/10.14.1/firebase-firestore.memory.js"}}
[info] i  Skipping write of public/index.html 
[info] 
[info] i  Detected a .git folder at D:\expense-tracker 
[info] i  Authorizing with GitHub to upload your service account to a GitHub repository's secrets store. 
[info] 
[info] Visit this URL on this device to log in:
[info] https://github.com/login/oauth/authorize?client_id=89cf50f02ac6aaed3484&state=191786388&redirect_uri=http%3A%2F%2Flocalhost%3A9005&scope=read%3Auser%20repo%20public_repo
[info] 
[info] Waiting for authentication...
[debug] [2024-10-19T10:57:58.661Z] >>> [apiv2][query] POST https://github.com/login/oauth/access_token [none]
[debug] [2024-10-19T10:57:58.662Z] >>> [apiv2][body] POST https://github.com/login/oauth/access_token [stream]
[debug] [2024-10-19T10:57:59.300Z] <<< [apiv2][status] POST https://github.com/login/oauth/access_token 200
[debug] [2024-10-19T10:57:59.301Z] <<< [apiv2][body] POST https://github.com/login/oauth/access_token {"access_token":"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","token_type":"bearer","scope":"read:user,repo"}
[debug] [2024-10-19T10:57:59.313Z] >>> [apiv2][query] GET https://api.github.com/user [none]
[debug] [2024-10-19T10:58:00.528Z] <<< [apiv2][status] GET https://api.github.com/user 200
[debug] [2024-10-19T10:58:00.528Z] <<< [apiv2][body] GET https://api.github.com/user {"login":"BSantosh0610","id":134193338,"node_id":"U_kgDOB_-gug","avatar_url":"https://avatars.githubusercontent.com/u/134193338?v=4","gravatar_id":"","url":"https://api.github.com/users/BSantosh0610","html_url":"https://github.com/BSantosh0610","followers_url":"https://api.github.com/users/BSantosh0610/followers","following_url":"https://api.github.com/users/BSantosh0610/following{/other_user}","gists_url":"https://api.github.com/users/BSantosh0610/gists{/gist_id}","starred_url":"https://api.github.com/users/BSantosh0610/starred{/owner}{/repo}","subscriptions_url":"https://api.github.com/users/BSantosh0610/subscriptions","organizations_url":"https://api.github.com/users/BSantosh0610/orgs","repos_url":"https://api.github.com/users/BSantosh0610/repos","events_url":"https://api.github.com/users/BSantosh0610/events{/privacy}","received_events_url":"https://api.github.com/users/BSantosh0610/received_events","type":"User","user_view_type":"private","site_admin":false,"name":null,"company":null,"blog":"","location":null,"email":null,"hireable":null,"bio":null,"twitter_username":null,"notification_email":null,"public_repos":5,"public_gists":0,"followers":0,"following":0,"created_at":"2023-05-21T07:31:05Z","updated_at":"2024-10-05T13:07:35Z","private_gists":0,"total_private_repos":0,"owned_private_repos":0,"disk_usage":4940,"collaborators":0,"two_factor_authentication":false,"plan":{"name":"free","space":976562499,"collaborators":0,"private_repos":10000}}
[info] 
[info] +  Success! Logged into GitHub as BSantosh0610 
[info] 
